  Audio.cpp
  Camera.cpp
  CarShape.cpp
D:\UNI\Term2\ComputerGraphics\InterimCoursework\Template2022\OpenGLTemplate\CarShape.cpp(154,32): warning C4267: 'initializing': conversion from 'size_t' to 'int', possible loss of data
D:\UNI\Term2\ComputerGraphics\InterimCoursework\Template2022\OpenGLTemplate\CarShape.cpp(156,29): warning C4018: '<': signed/unsigned mismatch
  CatmullRom.cpp
  Cubemap.cpp
  FreeTypeFont.cpp
  Game.cpp
D:\UNI\Term2\ComputerGraphics\InterimCoursework\Template2022\OpenGLTemplate\Game.cpp(369,40): warning C4244: '+=': conversion from 'double' to 'float', possible loss of data
D:\UNI\Term2\ComputerGraphics\InterimCoursework\Template2022\OpenGLTemplate\Game.cpp(372,19): warning C4244: '+=': conversion from 'double' to 'float', possible loss of data
  GameWindow.cpp
  HighResolutionTimer.cpp
  MatrixStack.cpp
  OpenAssetImportMesh.cpp
  Pentagon_pyramid.cpp
D:\UNI\Term2\ComputerGraphics\InterimCoursework\Template2022\OpenGLTemplate\Pentagon_pyramid.cpp(122,32): warning C4267: 'initializing': conversion from 'size_t' to 'int', possible loss of data
D:\UNI\Term2\ComputerGraphics\InterimCoursework\Template2022\OpenGLTemplate\Pentagon_pyramid.cpp(123,29): warning C4018: '<': signed/unsigned mismatch
D:\UNI\Term2\ComputerGraphics\InterimCoursework\Template2022\OpenGLTemplate\Pentagon_pyramid.cpp(164,67): warning C4267: 'argument': conversion from 'size_t' to 'GLsizei', possible loss of data
  Plane.cpp
  Shaders.cpp
  Skybox.cpp
  Sphere.cpp
  Texture.cpp
  VertexBufferObject.cpp
  VertexBufferObjectIndexed.cpp
  Generating Code...
     Creating library D:\UNI\Term2\ComputerGraphics\InterimCoursework\Template2022\x64\Debug\OpenGLTemplate.lib and object D:\UNI\Term2\ComputerGraphics\InterimCoursework\Template2022\x64\Debug\OpenGLTemplate.exp
MSVCRTD.lib(initializers.obj) : warning LNK4098: defaultlib 'msvcrt.lib' conflicts with use of other libs; use /NODEFAULTLIB:library
  OpenGLTemplate.vcxproj -> D:\UNI\Term2\ComputerGraphics\InterimCoursework\Template2022\x64\Debug\OpenGLTemplate.exe
